 61 2019-03-03 00:07:18,985- Effective Result File:D:\Wipro_Ebay\Wipro\./Results/
 62 2019-03-03 00:07:19,001- The cointext of the app:NATIVE_APP
 118 2019-03-03 00:07:19,170- Running The Method :getIconHamburger
 119 2019-03-03 00:07:19,170- Finding the element for idlogo
 139 2019-03-03 00:07:19,395- Finding the element for accessibility_IdMain navigation, open
 141 2019-03-03 00:07:19,396- Running The Method :getIconHamburger
 118 2019-03-03 00:07:19,833- Running The Method :getIconSignIn
 119 2019-03-03 00:07:19,833- Finding the element for idtextview_sign_out_status
 118 2019-03-03 00:07:21,380- Running The Method :getEdit_UserName
 119 2019-03-03 00:07:21,380- Finding the element for idedit_text_username
 118 2019-03-03 00:07:29,669- Running The Method :getEdit_Pwd
 119 2019-03-03 00:07:29,669- Finding the element for idedit_text_password
 183 2019-03-03 00:07:35,739- Running The Method :getBtn_SignIn
 184 2019-03-03 00:07:35,740- Finding the element for xpath//*[@text='SIGN IN']
 118 2019-03-03 00:07:37,396- Running The Method :getLink_Nothanks
 119 2019-03-03 00:07:37,396- Finding the element for idbutton_google_deny
 118 2019-03-03 00:07:46,839- Running The Method :getEdit_Search
 119 2019-03-03 00:07:46,839- Finding the element for idsearch_box
 118 2019-03-03 00:07:48,096- Running The Method :getEdit_SearchField
 119 2019-03-03 00:07:48,096- Finding the element for idsearch_src_text
 237 2019-03-03 00:07:55,598- Running The Method :searchAndSelectRandomItem
 281 2019-03-03 00:07:58,600- Running The Method :searchAndSelectRandomItem
 286 2019-03-03 00:07:59,287- List loaded 
 237 2019-03-03 00:07:59,994- Running The Method :getCards_ItemTitleSearchResults
 77 2019-03-03 00:08:03,979- The size of the result pre scroll3
 335 2019-03-03 00:08:03,980- Running The Method :searchAndSelectRandomItem
 338 2019-03-03 00:08:03,987- The Default contect is :NATIVE_APP
 347 2019-03-03 00:08:04,013- starty = 538 ,endy = 269 , startx = 360
 237 2019-03-03 00:08:04,890- Running The Method :searchAndSelectRandomItem
 237 2019-03-03 00:08:07,891- Running The Method :getCards_ItemTitleSearchResults
 77 2019-03-03 00:08:10,986- The size of the result pre scroll3
 335 2019-03-03 00:08:10,987- Running The Method :searchAndSelectRandomItem
 338 2019-03-03 00:08:10,993- The Default contect is :NATIVE_APP
 347 2019-03-03 00:08:11,009- starty = 538 ,endy = 269 , startx = 360
 237 2019-03-03 00:08:11,591- Running The Method :searchAndSelectRandomItem
 237 2019-03-03 00:08:14,591- Running The Method :getCards_ItemTitleSearchResults
 77 2019-03-03 00:08:17,924- The size of the result pre scroll4
 237 2019-03-03 00:08:17,924- Running The Method :getCards_ItemTitleSearchResults
 87 2019-03-03 00:08:21,327- The size of the result pre scroll4
 237 2019-03-03 00:08:21,328- Running The Method :searchAndSelectRandomItem
 237 2019-03-03 00:08:24,328- Running The Method :getCards_ItemTitleSearchResults
 90 2019-03-03 00:08:27,866- 
 90 2019-03-03 00:08:27,886- 
 90 2019-03-03 00:08:28,046- 
 90 2019-03-03 00:08:28,199- 
 281 2019-03-03 00:08:28,199- Running The Method :getSearch_ItemPrice
 286 2019-03-03 00:08:28,424- List loaded 
 43 2019-03-03 00:08:28,425- The size of the result pre scroll4
 281 2019-03-03 00:08:28,425- Running The Method :getSearch_ItemPrice
 286 2019-03-03 00:08:28,798- List loaded 
 281 2019-03-03 00:08:28,818- Running The Method :getSearch_ItemPrice
 286 2019-03-03 00:08:29,146- List loaded 
 43 2019-03-03 00:08:29,146- The size of the result pre scroll4
 281 2019-03-03 00:08:29,146- Running The Method :getSearch_ItemPrice
 286 2019-03-03 00:08:29,475- List loaded 
 71 2019-03-03 00:08:29,570- The price of item in search page is:989.00
 237 2019-03-03 00:08:29,571- Running The Method :getCards_ItemTitleSearchResults
 43 2019-03-03 00:08:33,129- clickeing on the item with id :com.ebay.mobile:id/cell_collection_item
 44 2019-03-03 00:08:33,223- The x and y cordinates fo the ele is :0 : 0
 365 2019-03-03 00:08:33,223- Running The Method :buyNow
 118 2019-03-03 00:08:33,514- Running The Method :getitemPrice
 119 2019-03-03 00:08:33,514- Finding the element for idtextview_item_price
 118 2019-03-03 00:08:37,802- Running The Method :getitemPrice
 119 2019-03-03 00:08:37,803- Finding the element for idtextview_item_price
 48 2019-03-03 00:08:38,066- The price of the item is :989.00
 139 2019-03-03 00:08:38,066- Finding the element for accessibility_IdBuy It Now
 141 2019-03-03 00:08:38,066- Running The Method :getBuyitNow
 73 2019-03-03 00:08:38,554- The price of item in search page is:989.00
 74 2019-03-03 00:08:38,555- The price of the item in the search page :+989.00and the pdp page:989.00
 118 2019-03-03 00:08:38,559- Running The Method :getChk_ItemPrice
 119 2019-03-03 00:08:38,560- Finding the element for idtextview_item_price
 118 2019-03-03 00:08:40,017- Running The Method :getChk_ItemPrice
 119 2019-03-03 00:08:40,017- Finding the element for idtextview_item_price
 56 2019-03-03 00:08:40,104- The price  of the item in the checkout page :989.00
 118 2019-03-03 00:08:40,104- Running The Method :getBtnReview
 119 2019-03-03 00:08:40,104- Finding the element for idtake_action
 365 2019-03-03 00:08:40,142- Running The Method :checkout
 78 2019-03-03 00:08:40,351- Test Completed
 88 2019-03-03 00:08:42,497- Removed the App
 90 2019-03-03 00:08:42,574- Killed the server
